<?xml version="1.0" encoding="UTF-8"?>
<!-- Generated by org.testng.reporters.JUnitReportReporter -->
<testsuite hostname="Asus_KJP" failures="0" tests="1" name="MercuryTours.FlightsTest" time="49.618" errors="0" timestamp="2024-11-13T23:20:43 PST" skipped="0">
  <testcase classname="MercuryTours.FlightsTest" name="Flighbooking" time="49.618"/>
</testsuite> <!-- MercuryTours.FlightsTest -->
