<?xml version="1.0" encoding="UTF-8"?>
<!-- Generated by org.testng.reporters.JUnitReportReporter -->
<testsuite hostname="Asus_KJP" failures="0" tests="1" name="MercuryTours.RegisterandSigninTest" time="7.351" errors="0" timestamp="2024-11-13T15:15:28 PST" skipped="0">
  <testcase classname="MercuryTours.RegisterandSigninTest" name="registerandsigninTest" time="7.351"/>
</testsuite> <!-- MercuryTours.RegisterandSigninTest -->
